<?xml version="1.0" encoding="UTF-8"?>
<!-- Generated by org.testng.reporters.JUnitXMLReporter -->
<testsuite ignored="0" hostname="LAPTOP-A5PG7G9H" failures="0" tests="2" name="Test2" time="0.063" errors="0" timestamp="2022-12-29T01:40:22 IST">
  <testcase classname="projectPomNG.Baseclass" name="@BeforeMethod setup" time="0.015">
    <failure type="java.lang.NullPointerException" message="Cannot invoke &amp;quot;org.openqa.selenium.WebDriver.manage()&amp;quot; because &amp;quot;this.driver&amp;quot; is null">
      <![CDATA[java.lang.NullPointerException: Cannot invoke "org.openqa.selenium.WebDriver.manage()" because "this.driver" is null
at projectPomNG.Baseclass.setup(Baseclass.java:34)
at java.base/java.util.ArrayList.forEach(ArrayList.java:1511)
... Removed 29 stack frames]]>
    </failure>
  </testcase> <!-- @BeforeMethod setup -->
  <testcase classname="projectPomNG.Baseclass" name="@AfterMethod teardown" time="-1.672258222617E9">
    <skipped/>
  </testcase> <!-- @AfterMethod teardown -->
  <testcase classname="projectPomNG.Baseclass" name="@BeforeMethod setup" time="-1.672258222633E9">
    <skipped/>
  </testcase> <!-- @BeforeMethod setup -->
  <testcase classname="projectPomNG.Baseclass" name="@AfterMethod teardown" time="-1.672258222633E9">
    <skipped/>
  </testcase> <!-- @AfterMethod teardown -->
  <testcase classname="projectPomNG.loginLogoutVerify" name="login" time="0.0">
    <skipped/>
  </testcase> <!-- login -->
  <testcase classname="projectPomNG.loginLogoutVerify" name="logout" time="0.0">
    <skipped/>
  </testcase> <!-- logout -->
</testsuite> <!-- Test2 -->
