<?xml version="1.0" encoding="UTF-8"?>
<!-- Generated by org.testng.reporters.JUnitXMLReporter -->
<testsuite ignored="0" hostname="LAPTOP-A5PG7G9H" failures="1" tests="2" name="Test" time="29.981" errors="0" timestamp="2022-12-29T01:42:06 IST">
  <testcase classname="projectPomNG.loginLogoutVerify" name="login" time="0.11"/>
  <testcase classname="projectPomNG.loginLogoutVerify" name="logout" time="0.879">
    <failure type="java.lang.AssertionError" message=" fail due to title mismatch expected [Swag La] but found [Swag Labs]">
      <![CDATA[java.lang.AssertionError:  fail due to title mismatch expected [Swag La] but found [Swag Labs]
at projectPomNG.loginLogoutVerify.logout(loginLogoutVerify.java:65)
at java.base/java.util.ArrayList.forEach(ArrayList.java:1511)
... Removed 30 stack frames]]>
    </failure>
  </testcase> <!-- logout -->
</testsuite> <!-- Test -->
