<?xml version="1.0" encoding="UTF-8"?>
<!-- Generated by org.testng.reporters.JUnitXMLReporter -->
<testsuite ignored="0" hostname="LAPTOP-A5PG7G9H" failures="1" tests="3" name="TestSause" time="23.176" errors="0" timestamp="2022-12-28T19:11:33 IST">
  <testcase classname="projectPomNG.TestClass_verifyHomePage" name="method2" time="12.593"/>
  <testcase classname="projectPomNG.loginLogoutVerify" name="login" time="0.208"/>
  <testcase classname="projectPomNG.loginLogoutVerify" name="logout" time="0.631">
    <failure type="java.lang.AssertionError" message=" fail due to title mismatch expected [Swag La] but found [Swag Labs]">
      <![CDATA[java.lang.AssertionError:  fail due to title mismatch expected [Swag La] but found [Swag Labs]
at projectPomNG.loginLogoutVerify.logout(loginLogoutVerify.java:65)
at java.base/java.util.concurrent.ThreadPoolExecutor.runWorker(ThreadPoolExecutor.java:1136)
at java.base/java.util.concurrent.ThreadPoolExecutor$Worker.run(ThreadPoolExecutor.java:635)
at java.base/java.lang.Thread.run(Thread.java:833)
... Removed 15 stack frames]]>
    </failure>
  </testcase> <!-- logout -->
</testsuite> <!-- TestSause -->
